Using pre-set license
Built from '2021.3/staging' branch; Version is '2021.3.8f1 (b30333d56e81) revision 11731763'; Using compiler version '192829333'; Build Type 'Release'
OS: 'Windows 11  (10.0.22621) 64bit CoreSingleLanguage' Language: 'en' Physical Memory: 32160 MB
BatchMode: 1, IsHumanControllingUs: 0, StartBugReporterOnCrash: 0, Is64bit: 1, IsPro: 1

COMMAND LINE ARGUMENTS:
C:\Program Files\Unity\Hub\Editor\2021.3.8f1\Editor\Unity.exe
-adb2
-batchMode
-noUpm
-name
AssetImportWorker2
-projectPath
C:/Users/arman/Documents/work/escape/escape
-logFile
Logs/AssetImportWorker2.log
-srvPort
52342
Successfully changed project path to: C:/Users/arman/Documents/work/escape/escape
C:/Users/arman/Documents/work/escape/escape
[UnityMemory] Configuration Parameters - Can be set up in boot.config
    "memorysetup-bucket-allocator-granularity=16"
    "memorysetup-bucket-allocator-bucket-count=8"
    "memorysetup-bucket-allocator-block-size=33554432"
    "memorysetup-bucket-allocator-block-count=8"
    "memorysetup-main-allocator-block-size=16777216"
    "memorysetup-thread-allocator-block-size=16777216"
    "memorysetup-gfx-main-allocator-block-size=16777216"
    "memorysetup-gfx-thread-allocator-block-size=16777216"
    "memorysetup-cache-allocator-block-size=4194304"
    "memorysetup-typetree-allocator-block-size=2097152"
    "memorysetup-profiler-bucket-allocator-granularity=16"
    "memorysetup-profiler-bucket-allocator-bucket-count=8"
    "memorysetup-profiler-bucket-allocator-block-size=33554432"
    "memorysetup-profiler-bucket-allocator-block-count=8"
    "memorysetup-profiler-allocator-block-size=16777216"
    "memorysetup-profiler-editor-allocator-block-size=1048576"
    "memorysetup-temp-allocator-size-main=16777216"
    "memorysetup-job-temp-allocator-block-size=2097152"
    "memorysetup-job-temp-allocator-block-size-background=1048576"
    "memorysetup-job-temp-allocator-reduction-small-platforms=262144"
    "memorysetup-temp-allocator-size-background-worker=32768"
    "memorysetup-temp-allocator-size-job-worker=262144"
    "memorysetup-temp-allocator-size-preload-manager=33554432"
    "memorysetup-temp-allocator-size-nav-mesh-worker=65536"
    "memorysetup-temp-allocator-size-audio-worker=65536"
    "memorysetup-temp-allocator-size-cloud-worker=32768"
    "memorysetup-temp-allocator-size-gi-baking-worker=262144"
    "memorysetup-temp-allocator-size-gfx=262144"
Refreshing native plugins compatible for Editor in 100.71 ms, found 3 plugins.
Preloading 0 native plugins for Editor in 0.00 ms.
Initialize engine version: 2021.3.8f1 (b30333d56e81)
[Subsystems] Discovering subsystems at path C:/Program Files/Unity/Hub/Editor/2021.3.8f1/Editor/Data/Resources/UnitySubsystems
[Subsystems] Discovering subsystems at path C:/Users/arman/Documents/work/escape/escape/Assets
GfxDevice: creating device client; threaded=0; jobified=0
Direct3D:
    Version:  Direct3D 11.0 [level 11.1]
    Renderer: AMD Radeon(TM) Graphics (ID=0x1638)
    Vendor:   ATI
    VRAM:     16080 MB
    Driver:   30.0.14018.15002
Initialize mono
Mono path[0] = 'C:/Program Files/Unity/Hub/Editor/2021.3.8f1/Editor/Data/Managed'
Mono path[1] = 'C:/Program Files/Unity/Hub/Editor/2021.3.8f1/Editor/Data/MonoBleedingEdge/lib/mono/unityjit-win32'
Mono config path = 'C:/Program Files/Unity/Hub/Editor/2021.3.8f1/Editor/Data/MonoBleedingEdge/etc'
Using monoOptions --debugger-agent=transport=dt_socket,embedding=1,server=y,suspend=n,address=127.0.0.1:56244
Begin MonoManager ReloadAssembly
Registering precompiled unity dll's ...
Register platform support module: C:/Program Files/Unity/Hub/Editor/2021.3.8f1/Editor/Data/PlaybackEngines/AndroidPlayer/UnityEditor.Android.Extensions.dll
Register platform support module: C:/Program Files/Unity/Hub/Editor/2021.3.8f1/Editor/Data/PlaybackEngines/WindowsStandaloneSupport/UnityEditor.WindowsStandalone.Extensions.dll
Registered in 0.005493 seconds.
Native extension for WindowsStandalone target not found
Native extension for Android target not found
Refreshing native plugins compatible for Editor in 109.30 ms, found 3 plugins.
Preloading 0 native plugins for Editor in 0.00 ms.
Mono: successfully reloaded assembly
- Completed reload, in  0.787 seconds
Domain Reload Profiling:
	ReloadAssembly (787ms)
		BeginReloadAssembly (87ms)
			ExecutionOrderSort (0ms)
			DisableScriptedObjects (0ms)
			BackupInstance (0ms)
			ReleaseScriptingObjects (0ms)
			CreateAndSetChildDomain (1ms)
		EndReloadAssembly (573ms)
			LoadAssemblies (85ms)
			RebuildTransferFunctionScriptingTraits (0ms)
			SetupTypeCache (131ms)
			ReleaseScriptCaches (0ms)
			RebuildScriptCaches (29ms)
			SetupLoadedEditorAssemblies (352ms)
				LogAssemblyErrors (0ms)
				InitializePlatformSupportModulesInManaged (65ms)
				SetLoadedEditorAssemblies (0ms)
				RefreshPlugins (109ms)
				BeforeProcessingInitializeOnLoad (2ms)
				ProcessInitializeOnLoadAttributes (125ms)
				ProcessInitializeOnLoadMethodAttributes (50ms)
				AfterProcessingInitializeOnLoad (0ms)
				EditorAssembliesLoaded (0ms)
			ExecutionOrderSort2 (0ms)
			AwakeInstancesAfterBackupRestoration (0ms)
Platform modules already initialized, skipping
Registering precompiled user dll's ...
Registered in 0.006296 seconds.
Begin MonoManager ReloadAssembly
Symbol file LoadedFromMemory doesn't match image C:\Users\arman\Documents\work\escape\escape\Library\PackageCache\com.unity.visualscripting@1.7.8\Editor\VisualScripting.Core\Dependencies\YamlDotNet\Unity.VisualScripting.YamlDotNet.dll
Symbol file LoadedFromMemory doesn't match image C:\Users\arman\Documents\work\escape\escape\Library\PackageCache\com.unity.visualscripting@1.7.8\Editor\VisualScripting.Core\Dependencies\DotNetZip\Unity.VisualScripting.IonicZip.dll
Native extension for WindowsStandalone target not found
Native extension for Android target not found
Refreshing native plugins compatible for Editor in 85.85 ms, found 3 plugins.
Preloading 0 native plugins for Editor in 0.00 ms.
Mono: successfully reloaded assembly
- Completed reload, in  1.249 seconds
Domain Reload Profiling:
	ReloadAssembly (1250ms)
		BeginReloadAssembly (203ms)
			ExecutionOrderSort (0ms)
			DisableScriptedObjects (5ms)
			BackupInstance (0ms)
			ReleaseScriptingObjects (0ms)
			CreateAndSetChildDomain (125ms)
		EndReloadAssembly (946ms)
			LoadAssemblies (76ms)
			RebuildTransferFunctionScriptingTraits (0ms)
			SetupTypeCache (246ms)
			ReleaseScriptCaches (1ms)
			RebuildScriptCaches (54ms)
			SetupLoadedEditorAssemblies (522ms)
				LogAssemblyErrors (0ms)
				InitializePlatformSupportModulesInManaged (12ms)
				SetLoadedEditorAssemblies (0ms)
				RefreshPlugins (86ms)
				BeforeProcessingInitializeOnLoad (89ms)
				ProcessInitializeOnLoadAttributes (305ms)
				ProcessInitializeOnLoadMethodAttributes (24ms)
				AfterProcessingInitializeOnLoad (6ms)
				EditorAssembliesLoaded (0ms)
			ExecutionOrderSort2 (0ms)
			AwakeInstancesAfterBackupRestoration (5ms)
Platform modules already initialized, skipping
========================================================================
Worker process is ready to serve import requests
Launched and connected shader compiler UnityShaderCompiler.exe after 0.05 seconds
Refreshing native plugins compatible for Editor in 1.05 ms, found 3 plugins.
Preloading 0 native plugins for Editor in 0.00 ms.
Unloading 3921 Unused Serialized files (Serialized files now loaded: 0)
Unloading 41 unused Assets / (128.2 KB). Loaded Objects now: 4404.
Memory consumption went from 151.3 MB to 151.2 MB.
Total: 4.068500 ms (FindLiveObjects: 0.345200 ms CreateObjectMapping: 0.322000 ms MarkObjects: 3.272700 ms  DeleteObjects: 0.126900 ms)

AssetImportParameters requested are different than current active one (requested -> active):
  custom:video-decoder-ogg-theora: a1e56fd34408186e4bbccfd4996cb3dc -> 
  custom:container-muxer-webm: aa71ff27fc2769a1b78a27578f13a17b -> 
  custom:container-demuxer-webm: 4f35f7cbe854078d1ac9338744f61a02 -> 
  custom:video-encoder-webm-vp8: eb34c28f22e8b96e1ab97ce403110664 -> 
  custom:video-codec-MediaFoundation-h265: 746d11721c4dcdbdad8f713fa42b33f4 -> 
  custom:audio-encoder-webm-vorbis: bf7c407c2cedff20999df2af8eb42d56 -> 
  custom:framework-win-MediaFoundation: 216162199b28c13a410421893ffa2e32 -> 
  custom:container-demuxer-ogg: 62fdf1f143b41e24485cea50d1cbac27 -> 
  custom:video-decoder-webm-vp8: 9c59270c3fd7afecdb556c50c9e8de78 -> 
  custom:audio-decoder-ogg-vorbis: bf7c407c2cedff20999df2af8eb42d56 -> 
========================================================================
Received Import Request.
  Time since last request: 101852.936674 seconds.
  path: Assets/Art/HorrorWoman/Materials/ScaryGirlBody_Body_BaseColor.png
  artifactKey: Guid(1dad5140b703d594eb8a266f82eeb1cf) Importer(815301076,1909f56bfc062723c751e8b465ee728b)
Start importing Assets/Art/HorrorWoman/Materials/ScaryGirlBody_Body_BaseColor.png using Guid(1dad5140b703d594eb8a266f82eeb1cf) Importer(815301076,1909f56bfc062723c751e8b465ee728b)  -> (artifact id: 'f5e7091d98cbb6aadab52c0f3ddc3544') in 0.076358 seconds 
========================================================================
Received Import Request.
  Time since last request: 0.071578 seconds.
  path: Assets/Art/HorrorWoman/Materials/ScaryGirlBody_Body_Normal.png
  artifactKey: Guid(0ad0a30b462a8434985a836003390beb) Importer(815301076,1909f56bfc062723c751e8b465ee728b)
Start importing Assets/Art/HorrorWoman/Materials/ScaryGirlBody_Body_Normal.png using Guid(0ad0a30b462a8434985a836003390beb) Importer(815301076,1909f56bfc062723c751e8b465ee728b)  -> (artifact id: '641faf71f659807b380c4a65b6976711') in 0.014677 seconds 
========================================================================
Received Import Request.
  Time since last request: 0.236711 seconds.
  path: Assets/Art/HorrorWoman/Materials/ScaryGirlBody_Body_Roughness.png
  artifactKey: Guid(2ee56c5ad5fe28f4aa5494bc050fbb16) Importer(815301076,1909f56bfc062723c751e8b465ee728b)
Start importing Assets/Art/HorrorWoman/Materials/ScaryGirlBody_Body_Roughness.png using Guid(2ee56c5ad5fe28f4aa5494bc050fbb16) Importer(815301076,1909f56bfc062723c751e8b465ee728b)  -> (artifact id: '819e63b391bb53879a2db7a7d6a967b1') in 0.020770 seconds 
========================================================================
Received Import Request.
  Time since last request: 0.311855 seconds.
  path: Assets/Art/HorrorWoman/Materials/ScaryGirlBody_Eyes_Emissive.png
  artifactKey: Guid(3c7524661a7e4cd45b386515c779f915) Importer(815301076,1909f56bfc062723c751e8b465ee728b)
Start importing Assets/Art/HorrorWoman/Materials/ScaryGirlBody_Eyes_Emissive.png using Guid(3c7524661a7e4cd45b386515c779f915) Importer(815301076,1909f56bfc062723c751e8b465ee728b)  -> (artifact id: '2c00933961369d71b0ef31f81328234d') in 0.013592 seconds 
========================================================================
Received Import Request.
  Time since last request: 0.555610 seconds.
  path: Assets/Art/HorrorWoman/Materials/ScaryGirlBody_Eyes_BaseColor.png
  artifactKey: Guid(279d128240058234095a3cc5c7b75738) Importer(815301076,1909f56bfc062723c751e8b465ee728b)
Start importing Assets/Art/HorrorWoman/Materials/ScaryGirlBody_Eyes_BaseColor.png using Guid(279d128240058234095a3cc5c7b75738) Importer(815301076,1909f56bfc062723c751e8b465ee728b)  -> (artifact id: '7f3519b8046d1293fc32bff423a04e9e') in 0.016535 seconds 
========================================================================
Received Import Request.
  Time since last request: 3.164238 seconds.
  path: Assets/Art/HorrorWoman/Materials/ScaryGirlBody_Body_Reflection.png
  artifactKey: Guid(cf1dafce6dbf85249b8a56c1faf3ff4b) Importer(815301076,1909f56bfc062723c751e8b465ee728b)
Start importing Assets/Art/HorrorWoman/Materials/ScaryGirlBody_Body_Reflection.png using Guid(cf1dafce6dbf85249b8a56c1faf3ff4b) Importer(815301076,1909f56bfc062723c751e8b465ee728b)  -> (artifact id: '4e2aac6d67c26de76ea76d9cd4e357a1') in 0.016737 seconds 
========================================================================
Received Import Request.
  Time since last request: 58.926428 seconds.
  path: Assets/Art/School Props/Scenes/SchoolSceneAbandoned/ReflectionProbe-13.exr
  artifactKey: Guid(210db6d80e89b0d449571711c1923101) Importer(815301076,1909f56bfc062723c751e8b465ee728b)
Start importing Assets/Art/School Props/Scenes/SchoolSceneAbandoned/ReflectionProbe-13.exr using Guid(210db6d80e89b0d449571711c1923101) Importer(815301076,1909f56bfc062723c751e8b465ee728b)  -> (artifact id: '7c11ec84f7ae01b1f89b2be513b15f69') in 0.092994 seconds 
========================================================================
Received Import Request.
  Time since last request: 0.000024 seconds.
  path: Assets/Art/School Props/Models/Interior/Sport/Textures/SportFloorOld.png
  artifactKey: Guid(cf6318d1e40b54140bd28c03585fc93e) Importer(815301076,1909f56bfc062723c751e8b465ee728b)
Start importing Assets/Art/School Props/Models/Interior/Sport/Textures/SportFloorOld.png using Guid(cf6318d1e40b54140bd28c03585fc93e) Importer(815301076,1909f56bfc062723c751e8b465ee728b)  -> (artifact id: 'a916f4a67c9a188d43b8564e437d7bf0') in 0.025708 seconds 
========================================================================
Received Import Request.
  Time since last request: 0.000051 seconds.
  path: Assets/Art/School Props/Scenes/SchoolSceneAbandoned/ReflectionProbe-16.png
  artifactKey: Guid(8ff85ec4cc77a4148a5d680542621642) Importer(815301076,1909f56bfc062723c751e8b465ee728b)
Start importing Assets/Art/School Props/Scenes/SchoolSceneAbandoned/ReflectionProbe-16.png using Guid(8ff85ec4cc77a4148a5d680542621642) Importer(815301076,1909f56bfc062723c751e8b465ee728b)  -> (artifact id: '9d3a08b122c9031c99e62f55b7000f8e') in 0.041472 seconds 
========================================================================
Received Import Request.
  Time since last request: 0.000046 seconds.
  path: Assets/Art/School Props/Scenes/SchoolSceneAbandoned/ReflectionProbe-26.exr
  artifactKey: Guid(dc9155e28beed5342a2ade07336c29b7) Importer(815301076,1909f56bfc062723c751e8b465ee728b)
Start importing Assets/Art/School Props/Scenes/SchoolSceneAbandoned/ReflectionProbe-26.exr using Guid(dc9155e28beed5342a2ade07336c29b7) Importer(815301076,1909f56bfc062723c751e8b465ee728b)  -> (artifact id: '62ca55e38024c14bdb7154268d5b2757') in 0.027357 seconds 
========================================================================
Received Import Request.
  Time since last request: 0.000041 seconds.
  path: Packages/com.unity.collab-proxy/Editor/Collaborate/Assets/Icons/revert-asset-dark.png
  artifactKey: Guid(23933ab6b291bc54ba1b99b5fcb9ec80) Importer(815301076,1909f56bfc062723c751e8b465ee728b)
Start importing Packages/com.unity.collab-proxy/Editor/Collaborate/Assets/Icons/revert-asset-dark.png using Guid(23933ab6b291bc54ba1b99b5fcb9ec80) Importer(815301076,1909f56bfc062723c751e8b465ee728b)  -> (artifact id: '39d0bb04b60050a1d9edfa887f4b3e56') in 0.018206 seconds 
========================================================================
Received Import Request.
  Time since last request: 0.000031 seconds.
  path: Assets/Art/School Props/Scenes/SchoolSceneAbandoned/ReflectionProbe-15.exr
  artifactKey: Guid(5f61f466397b9644d8a66574d26f5b90) Importer(815301076,1909f56bfc062723c751e8b465ee728b)
Start importing Assets/Art/School Props/Scenes/SchoolSceneAbandoned/ReflectionProbe-15.exr using Guid(5f61f466397b9644d8a66574d26f5b90) Importer(815301076,1909f56bfc062723c751e8b465ee728b)  -> (artifact id: '1475995e1fd921100ea304db9372eef9') in 0.063172 seconds 
========================================================================
Received Import Request.
  Time since last request: 0.000023 seconds.
  path: Packages/com.unity.collab-proxy/Editor/Collaborate/Assets/Icons/show-light@2x.png
  artifactKey: Guid(d84f7eb154b674f46b833c51f844277e) Importer(815301076,1909f56bfc062723c751e8b465ee728b)
Start importing Packages/com.unity.collab-proxy/Editor/Collaborate/Assets/Icons/show-light@2x.png using Guid(d84f7eb154b674f46b833c51f844277e) Importer(815301076,1909f56bfc062723c751e8b465ee728b)  -> (artifact id: 'ba8dfa251c8e400415ca1b2c669f4949') in 0.029639 seconds 
========================================================================
Received Import Request.
  Time since last request: 0.000026 seconds.
  path: Assets/Art/School Props/Scenes/SchoolSceneAbandoned/ReflectionProbe-37.exr
  artifactKey: Guid(1a643f55f0cee344182a2d87d1717958) Importer(815301076,1909f56bfc062723c751e8b465ee728b)
Start importing Assets/Art/School Props/Scenes/SchoolSceneAbandoned/ReflectionProbe-37.exr using Guid(1a643f55f0cee344182a2d87d1717958) Importer(815301076,1909f56bfc062723c751e8b465ee728b)  -> (artifact id: 'f752e452b180ea26f8f3ce786d95202e') in 0.038426 seconds 
========================================================================
Received Import Request.
  Time since last request: 0.000039 seconds.
  path: Assets/Art/School Props/Models/Interior/Sport/Textures/SportBallsNM.png
  artifactKey: Guid(51097181ba56af745a4f59626e30c856) Importer(815301076,1909f56bfc062723c751e8b465ee728b)
Start importing Assets/Art/School Props/Models/Interior/Sport/Textures/SportBallsNM.png using Guid(51097181ba56af745a4f59626e30c856) Importer(815301076,1909f56bfc062723c751e8b465ee728b)  -> (artifact id: '9fa82291bfdc7705fefa76432a6f651d') in 0.047905 seconds 
========================================================================
Received Import Request.
  Time since last request: 0.000044 seconds.
  path: Assets/Art/School Props/Models/Interior/BathToilet/Textures/Sink01Old_Metallic.png
  artifactKey: Guid(472994229ec358444a4ed8d0a44da876) Importer(815301076,1909f56bfc062723c751e8b465ee728b)
Start importing Assets/Art/School Props/Models/Interior/BathToilet/Textures/Sink01Old_Metallic.png using Guid(472994229ec358444a4ed8d0a44da876) Importer(815301076,1909f56bfc062723c751e8b465ee728b)  -> (artifact id: '717d0f3532426b644040647cec54dfc7') in 0.020754 seconds 
========================================================================
Received Import Request.
  Time since last request: 0.000046 seconds.
  path: Packages/com.unity.collab-proxy/Editor/PlasticSCM/Assets/Images/secondarytabclose.png
  artifactKey: Guid(03cefa94d5aa9d74993fb2138af9d607) Importer(815301076,1909f56bfc062723c751e8b465ee728b)
Start importing Packages/com.unity.collab-proxy/Editor/PlasticSCM/Assets/Images/secondarytabclose.png using Guid(03cefa94d5aa9d74993fb2138af9d607) Importer(815301076,1909f56bfc062723c751e8b465ee728b)  -> (artifact id: 'ce876b204459daf5712f713705629d11') in 0.057184 seconds 
========================================================================
Received Import Request.
  Time since last request: 0.000037 seconds.
  path: Assets/Art/School Props/Scenes/SchoolSceneAbandoned/ReflectionProbe-18.exr
  artifactKey: Guid(c09279a0fc4c483409ac1eda1afbc3f7) Importer(815301076,1909f56bfc062723c751e8b465ee728b)
Start importing Assets/Art/School Props/Scenes/SchoolSceneAbandoned/ReflectionProbe-18.exr using Guid(c09279a0fc4c483409ac1eda1afbc3f7) Importer(815301076,1909f56bfc062723c751e8b465ee728b)  -> (artifact id: '2fa49963503a98cae60e0ac535782fab') in 0.031326 seconds 
========================================================================
Received Import Request.
  Time since last request: 0.000030 seconds.
  path: Assets/Art/HorrorWoman/Materials/ScaryGirlDress_Dress_Roughness.png
  artifactKey: Guid(4ba40b04d30fc224c8c620a245a8f255) Importer(815301076,1909f56bfc062723c751e8b465ee728b)
Start importing Assets/Art/HorrorWoman/Materials/ScaryGirlDress_Dress_Roughness.png using Guid(4ba40b04d30fc224c8c620a245a8f255) Importer(815301076,1909f56bfc062723c751e8b465ee728b)  -> (artifact id: '7b6f82d8ef292a9aca4270b28490f0ca') in 0.018763 seconds 
========================================================================
Received Import Request.
  Time since last request: 0.000040 seconds.
  path: Assets/Art/School Props/Scenes/SchoolSceneAbandoned/ReflectionProbe-21.exr
  artifactKey: Guid(fd581687abfb41c479603b18e65be53b) Importer(815301076,1909f56bfc062723c751e8b465ee728b)
Start importing Assets/Art/School Props/Scenes/SchoolSceneAbandoned/ReflectionProbe-21.exr using Guid(fd581687abfb41c479603b18e65be53b) Importer(815301076,1909f56bfc062723c751e8b465ee728b)  -> (artifact id: '2ef63fbde3f6fd87ed2ab0dcdd095a08') in 0.032536 seconds 
========================================================================
Received Import Request.
  Time since last request: 0.000033 seconds.
  path: Packages/com.unity.collab-proxy/Editor/Collaborate/Assets/Icons/revert-asset-light.png
  artifactKey: Guid(987c88fe221d4484db97f6d0e56d8e3c) Importer(815301076,1909f56bfc062723c751e8b465ee728b)
Start importing Packages/com.unity.collab-proxy/Editor/Collaborate/Assets/Icons/revert-asset-light.png using Guid(987c88fe221d4484db97f6d0e56d8e3c) Importer(815301076,1909f56bfc062723c751e8b465ee728b)  -> (artifact id: '44883712d4b11af222e6bc8004db0636') in 0.040943 seconds 
========================================================================
Received Import Request.
  Time since last request: 0.000028 seconds.
  path: Packages/com.unity.collab-proxy/Editor/Collaborate/Assets/Icons/search-dark@2x.png
  artifactKey: Guid(09996e28fa830fb4283b19f26584c9f2) Importer(815301076,1909f56bfc062723c751e8b465ee728b)
Start importing Packages/com.unity.collab-proxy/Editor/Collaborate/Assets/Icons/search-dark@2x.png using Guid(09996e28fa830fb4283b19f26584c9f2) Importer(815301076,1909f56bfc062723c751e8b465ee728b)  -> (artifact id: '3ca313f5d4d5ff2c6c2fdf3878f36e88') in 0.020399 seconds 
========================================================================
Received Import Request.
  Time since last request: 0.000035 seconds.
  path: Assets/Art/HorrorWoman/Materials/ScaryGirlDress_Dress_Metallic.png
  artifactKey: Guid(c69e0758bda61d449ae81ebc0942c356) Importer(815301076,1909f56bfc062723c751e8b465ee728b)
Start importing Assets/Art/HorrorWoman/Materials/ScaryGirlDress_Dress_Metallic.png using Guid(c69e0758bda61d449ae81ebc0942c356) Importer(815301076,1909f56bfc062723c751e8b465ee728b)  -> (artifact id: 'e9a6715b287a83cae7592b21930cb2c4') in 0.036127 seconds 
========================================================================
Received Import Request.
  Time since last request: 0.000024 seconds.
  path: Assets/Art/HorrorWoman/Materials/ScaryGirlDress_Dress_BaseColor.png
  artifactKey: Guid(7ba39daf15ba2a140b270012b01bb60a) Importer(815301076,1909f56bfc062723c751e8b465ee728b)
Start importing Assets/Art/HorrorWoman/Materials/ScaryGirlDress_Dress_BaseColor.png using Guid(7ba39daf15ba2a140b270012b01bb60a) Importer(815301076,1909f56bfc062723c751e8b465ee728b)  -> (artifact id: '54ac90f61cd26293a604869e12d66eb9') in 0.019234 seconds 
========================================================================
Received Import Request.
  Time since last request: 0.000032 seconds.
  path: Assets/Art/School Props/Scenes/SchoolSceneAbandoned/ReflectionProbe-19.exr
  artifactKey: Guid(91b3d40c627e7064b9d05b0c4db7b940) Importer(815301076,1909f56bfc062723c751e8b465ee728b)
Start importing Assets/Art/School Props/Scenes/SchoolSceneAbandoned/ReflectionProbe-19.exr using Guid(91b3d40c627e7064b9d05b0c4db7b940) Importer(815301076,1909f56bfc062723c751e8b465ee728b)  -> (artifact id: '4bf5669bf98f5a0ed344e0aba765a04e') in 0.037051 seconds 
========================================================================
Received Import Request.
  Time since last request: 0.000032 seconds.
  path: Assets/Art/School Props/Models/Interior/BathToilet/Textures/Sink01NM.png
  artifactKey: Guid(a693b3abf296c7a4999121aef83e1df2) Importer(815301076,1909f56bfc062723c751e8b465ee728b)
Start importing Assets/Art/School Props/Models/Interior/BathToilet/Textures/Sink01NM.png using Guid(a693b3abf296c7a4999121aef83e1df2) Importer(815301076,1909f56bfc062723c751e8b465ee728b)  -> (artifact id: 'f0eb9afdced022dc9e7e003df9455dc0') in 0.030284 seconds 
========================================================================
Received Import Request.
  Time since last request: 0.000041 seconds.
  path: Assets/Art/School Props/Scenes/SchoolSceneAbandoned/ReflectionProbe-25.exr
  artifactKey: Guid(a4df7ed25006b27499c23dacfd1d993f) Importer(815301076,1909f56bfc062723c751e8b465ee728b)
Start importing Assets/Art/School Props/Scenes/SchoolSceneAbandoned/ReflectionProbe-25.exr using Guid(a4df7ed25006b27499c23dacfd1d993f) Importer(815301076,1909f56bfc062723c751e8b465ee728b)  -> (artifact id: 'a4f2fc70fc65a96f6243788bb957e975') in 0.029509 seconds 
========================================================================
Received Import Request.
  Time since last request: 0.000034 seconds.
  path: Assets/Art/School Props/Scenes/SchoolSceneAbandoned/ReflectionProbe-30.exr
  artifactKey: Guid(ff3821061972603409d544b9977ea9d1) Importer(815301076,1909f56bfc062723c751e8b465ee728b)
Start importing Assets/Art/School Props/Scenes/SchoolSceneAbandoned/ReflectionProbe-30.exr using Guid(ff3821061972603409d544b9977ea9d1) Importer(815301076,1909f56bfc062723c751e8b465ee728b)  -> (artifact id: 'b2dced9568c60d2801b02e750aeed330') in 0.046185 seconds 
========================================================================
Received Import Request.
  Time since last request: 0.000024 seconds.
  path: Assets/Art/School Props/Scenes/SchoolSceneAssets/SchoolTerrainAbandoned.asset
  artifactKey: Guid(6af076fd00456684f95d24b50ba69e1d) Importer(815301076,1909f56bfc062723c751e8b465ee728b)
Start importing Assets/Art/School Props/Scenes/SchoolSceneAssets/SchoolTerrainAbandoned.asset using Guid(6af076fd00456684f95d24b50ba69e1d) Importer(815301076,1909f56bfc062723c751e8b465ee728b)  -> (artifact id: 'c8e9df9a81e28a02eca1a5bead764301') in 0.094460 seconds 
========================================================================
Received Import Request.
  Time since last request: 0.000041 seconds.
  path: Assets/Art/School Props/Models/Interior/BathToilet/Textures/Sink01_AO.png
  artifactKey: Guid(a46714bec7d65fa43b2364ec45731a32) Importer(815301076,1909f56bfc062723c751e8b465ee728b)
Start importing Assets/Art/School Props/Models/Interior/BathToilet/Textures/Sink01_AO.png using Guid(a46714bec7d65fa43b2364ec45731a32) Importer(815301076,1909f56bfc062723c751e8b465ee728b)  -> (artifact id: 'c86b73766b2bb4ce74c6ce39e5e25f8b') in 0.022810 seconds 
========================================================================
Received Import Request.
  Time since last request: 0.000032 seconds.
  path: Assets/Art/School Props/Models/Interior/Sport/Textures/SportFloor.png
  artifactKey: Guid(f2e7d5946f8cd244e8951986402db8f7) Importer(815301076,1909f56bfc062723c751e8b465ee728b)
Start importing Assets/Art/School Props/Models/Interior/Sport/Textures/SportFloor.png using Guid(f2e7d5946f8cd244e8951986402db8f7) Importer(815301076,1909f56bfc062723c751e8b465ee728b)  -> (artifact id: 'd64371ea3eae5d8622ac07c8684ba91f') in 0.058424 seconds 
========================================================================
Received Import Request.
  Time since last request: 0.000024 seconds.
  path: Assets/Art/School Props/Models/Interior/BathToilet/Textures/Sink01Old_Albedo.png
  artifactKey: Guid(77b3e9dbba7c06245967b4e55b30819b) Importer(815301076,1909f56bfc062723c751e8b465ee728b)
Start importing Assets/Art/School Props/Models/Interior/BathToilet/Textures/Sink01Old_Albedo.png using Guid(77b3e9dbba7c06245967b4e55b30819b) Importer(815301076,1909f56bfc062723c751e8b465ee728b)  -> (artifact id: 'f209ad74fa08660602fe8e77108f9584') in 0.014771 seconds 
========================================================================
Received Import Request.
  Time since last request: 0.000028 seconds.
  path: Assets/Art/School Props/Models/Interior/Technics/Textures/Split01bOld.png
  artifactKey: Guid(53b9c88504cffe344b91803801aa1a82) Importer(815301076,1909f56bfc062723c751e8b465ee728b)
Start importing Assets/Art/School Props/Models/Interior/Technics/Textures/Split01bOld.png using Guid(53b9c88504cffe344b91803801aa1a82) Importer(815301076,1909f56bfc062723c751e8b465ee728b)  -> (artifact id: 'b8ec022bd9fd5986f9df3f1fff8ee45b') in 0.031806 seconds 
========================================================================
Received Import Request.
  Time since last request: 0.000023 seconds.
  path: Packages/com.unity.collab-proxy/Editor/Collaborate/Assets/Icons/show-dark.png
  artifactKey: Guid(849b7119dad13a24397add67a7f78510) Importer(815301076,1909f56bfc062723c751e8b465ee728b)
Start importing Packages/com.unity.collab-proxy/Editor/Collaborate/Assets/Icons/show-dark.png using Guid(849b7119dad13a24397add67a7f78510) Importer(815301076,1909f56bfc062723c751e8b465ee728b)  -> (artifact id: '88fff2b3616c75ebca537930d3df71f7') in 0.020448 seconds 
========================================================================
Received Import Request.
  Time since last request: 0.000032 seconds.
  path: Packages/com.unity.collab-proxy/Editor/PlasticSCM/Assets/Images/refresh.png
  artifactKey: Guid(6f6a4c6bd7cdc654d9d91f7de72afcb6) Importer(815301076,1909f56bfc062723c751e8b465ee728b)
Start importing Packages/com.unity.collab-proxy/Editor/PlasticSCM/Assets/Images/refresh.png using Guid(6f6a4c6bd7cdc654d9d91f7de72afcb6) Importer(815301076,1909f56bfc062723c751e8b465ee728b)  -> (artifact id: 'b63d891f9b03467d759876e917a7a13f') in 0.043827 seconds 
========================================================================
Received Import Request.
  Time since last request: 0.000031 seconds.
  path: Packages/com.unity.collab-proxy/Editor/Collaborate/Assets/Icons/revert-asset-light@2x.png
  artifactKey: Guid(e6e5a841174ef8f44a853b724cc52b4f) Importer(815301076,1909f56bfc062723c751e8b465ee728b)
Start importing Packages/com.unity.collab-proxy/Editor/Collaborate/Assets/Icons/revert-asset-light@2x.png using Guid(e6e5a841174ef8f44a853b724cc52b4f) Importer(815301076,1909f56bfc062723c751e8b465ee728b)  -> (artifact id: '3c40185e5752ba7c4016f21fb23d24fa') in 0.052431 seconds 
========================================================================
Received Import Request.
  Time since last request: 0.000045 seconds.
  path: Assets/Art/School Props/Scenes/SchoolSceneAbandoned/ReflectionProbe-22.exr
  artifactKey: Guid(5bdf6dd78a824f04c9c291a1d8ca9205) Importer(815301076,1909f56bfc062723c751e8b465ee728b)
Start importing Assets/Art/School Props/Scenes/SchoolSceneAbandoned/ReflectionProbe-22.exr using Guid(5bdf6dd78a824f04c9c291a1d8ca9205) Importer(815301076,1909f56bfc062723c751e8b465ee728b)  -> (artifact id: 'b4320cd6693c34ee0cca726d0a32b4d2') in 0.054140 seconds 
========================================================================
Received Import Request.
  Time since last request: 0.000023 seconds.
  path: Packages/com.unity.textmeshpro/Editor Resources/Textures/SectionHeader_Light.psd
  artifactKey: Guid(e3b0f810fdea84e40ab4ba20f256f7e8) Importer(815301076,1909f56bfc062723c751e8b465ee728b)
Start importing Packages/com.unity.textmeshpro/Editor Resources/Textures/SectionHeader_Light.psd using Guid(e3b0f810fdea84e40ab4ba20f256f7e8) Importer(815301076,1909f56bfc062723c751e8b465ee728b)  -> (artifact id: '07f2949f3bd476833eadde154d8c51cc') in 0.027966 seconds 
========================================================================
Received Import Request.
  Time since last request: 0.000025 seconds.
  path: Assets/Art/School Props/Scenes/SchoolSceneAbandoned/ReflectionProbe-28.exr
  artifactKey: Guid(b66018f26ea59ba429a62fa2ac5572e6) Importer(815301076,1909f56bfc062723c751e8b465ee728b)
Start importing Assets/Art/School Props/Scenes/SchoolSceneAbandoned/ReflectionProbe-28.exr using Guid(b66018f26ea59ba429a62fa2ac5572e6) Importer(815301076,1909f56bfc062723c751e8b465ee728b)  -> (artifact id: '061ca4b04dec7ce2953516289b35b84f') in 0.027268 seconds 
========================================================================
Received Import Request.
  Time since last request: 0.000033 seconds.
  path: Assets/Art/School Props/Environment/SkyBoxes/DaySkyboxes/DarkDay/Right.png
  artifactKey: Guid(72ce37113f487504b907106afdd71bc9) Importer(815301076,1909f56bfc062723c751e8b465ee728b)
Start importing Assets/Art/School Props/Environment/SkyBoxes/DaySkyboxes/DarkDay/Right.png using Guid(72ce37113f487504b907106afdd71bc9) Importer(815301076,1909f56bfc062723c751e8b465ee728b)  -> (artifact id: '60868c02447a3faea19de77b47ece14a') in 0.016876 seconds 
========================================================================
Received Import Request.
  Time since last request: 0.000021 seconds.
  path: Assets/Art/School Props/Scenes/SchoolSceneAbandoned/ReflectionProbe-24.exr
  artifactKey: Guid(41a48678c008c6942a2dc1858987df9f) Importer(815301076,1909f56bfc062723c751e8b465ee728b)
Start importing Assets/Art/School Props/Scenes/SchoolSceneAbandoned/ReflectionProbe-24.exr using Guid(41a48678c008c6942a2dc1858987df9f) Importer(815301076,1909f56bfc062723c751e8b465ee728b)  -> (artifact id: '2737d58ebbccef71c3bbaabd69d8d5e3') in 0.041341 seconds 
========================================================================
Received Import Request.
  Time since last request: 0.000033 seconds.
  path: Assets/Art/School Props/Scenes/SchoolSceneAbandoned/ReflectionProbe-20.exr
  artifactKey: Guid(1d5b59de91159914d8d1a81f345b3b18) Importer(815301076,1909f56bfc062723c751e8b465ee728b)
Start importing Assets/Art/School Props/Scenes/SchoolSceneAbandoned/ReflectionProbe-20.exr using Guid(1d5b59de91159914d8d1a81f345b3b18) Importer(815301076,1909f56bfc062723c751e8b465ee728b)  -> (artifact id: 'd63da7fd1a2871177a4f07fc221ec285') in 0.047405 seconds 
========================================================================
Received Import Request.
  Time since last request: 0.000069 seconds.
  path: Assets/Art/School Props/Models/Interior/Technics/Textures/Split01aOld.png
  artifactKey: Guid(f7ad18350f660a24b95aab8ed56d5971) Importer(815301076,1909f56bfc062723c751e8b465ee728b)
Start importing Assets/Art/School Props/Models/Interior/Technics/Textures/Split01aOld.png using Guid(f7ad18350f660a24b95aab8ed56d5971) Importer(815301076,1909f56bfc062723c751e8b465ee728b)  -> (artifact id: 'aabc53777f5ce23a7e76f3a91491e18e') in 0.014331 seconds 
========================================================================
Received Import Request.
  Time since last request: 0.000021 seconds.
  path: Assets/Art/School Props/Scenes/SchoolSceneAbandoned/ReflectionProbe-41.exr
  artifactKey: Guid(9b7e64d205ae8014abc8b1f0ff180b3f) Importer(815301076,1909f56bfc062723c751e8b465ee728b)
Start importing Assets/Art/School Props/Scenes/SchoolSceneAbandoned/ReflectionProbe-41.exr using Guid(9b7e64d205ae8014abc8b1f0ff180b3f) Importer(815301076,1909f56bfc062723c751e8b465ee728b)  -> (artifact id: '10eca6a61d5dc49a53dc7cf824cb8829') in 0.024765 seconds 
========================================================================
Received Import Request.
  Time since last request: 0.000039 seconds.
  path: Assets/Art/School Props/Environment/Trees/Tree2Old_Textures/shadow.png
  artifactKey: Guid(020b6182e559b3241b1e34a1ceae0be9) Importer(815301076,1909f56bfc062723c751e8b465ee728b)
Start importing Assets/Art/School Props/Environment/Trees/Tree2Old_Textures/shadow.png using Guid(020b6182e559b3241b1e34a1ceae0be9) Importer(815301076,1909f56bfc062723c751e8b465ee728b)  -> (artifact id: '98666cd00febe67cc30dc7a79f57593c') in 0.014967 seconds 
========================================================================
Received Import Request.
  Time since last request: 0.000025 seconds.
  path: Assets/Art/School Props/Scenes/SchoolSceneAbandoned/ReflectionProbe-34.exr
  artifactKey: Guid(f663d3c12d79e3d40bc4be0c1097a22a) Importer(815301076,1909f56bfc062723c751e8b465ee728b)
Start importing Assets/Art/School Props/Scenes/SchoolSceneAbandoned/ReflectionProbe-34.exr using Guid(f663d3c12d79e3d40bc4be0c1097a22a) Importer(815301076,1909f56bfc062723c751e8b465ee728b)  -> (artifact id: '13cd525fe2356265036d8047851efba2') in 0.034763 seconds 
========================================================================
Received Import Request.
  Time since last request: 0.000064 seconds.
  path: Assets/Art/School Props/Models/Interior/Technics/Textures/Split01cOld.png
  artifactKey: Guid(10a1d5d7b9952c945b62adf960298b21) Importer(815301076,1909f56bfc062723c751e8b465ee728b)
Start importing Assets/Art/School Props/Models/Interior/Technics/Textures/Split01cOld.png using Guid(10a1d5d7b9952c945b62adf960298b21) Importer(815301076,1909f56bfc062723c751e8b465ee728b)  -> (artifact id: '3bb1d369976e0f6bf2312a91d5bf3ff4') in 0.021513 seconds 
Editor requested this worker to shutdown with reason: Scaling down because of idle timeout
AssetImportWorker is now disconnected from the server
Process exiting
Exiting without the bug reporter. Application will terminate with return code 0